<?xml version="1.0" encoding="UTF-8"?>
<testsuite xmlns:xsi="http://www.w3.org/2001/XMLSchema-instance" xsi:noNamespaceSchemaLocation="https://maven.apache.org/surefire/maven-surefire-plugin/xsd/surefire-test-report-3.0.xsd" version="3.0" name="airlines.FlightPersistenceTest" time="0.066" tests="2" errors="0" skipped="0" failures="0">
  <properties>
[...]
</properties>
  <testcase name="addFlight_duplicateId_isRejectedAndSizeUnchanged" classname="airlines.FlightPersistenceTest" time="0.047">
    <system-out><![CDATA[[FileStorage] C:\Users\mark_\AppData\Local\Temp\junit14608684748811327368\database.txt not found. Creating default database...
[FileStorage] Saved 2 flights to C:\Users\mark_\AppData\Local\Temp\junit14608684748811327368\database.txt
[FileStorage] Loaded 2 flights from C:\Users\mark_\AppData\Local\Temp\junit14608684748811327368\database.txt
[FileStorage] Saved 3 flights to C:\Users\mark_\AppData\Local\Temp\junit14608684748811327368\database.txt
[DatabaseService] addFlight: duplicate flightId T200
]]></system-out>
  </testcase>
  <testcase name="addFlight_uniqueId_increasesCount" classname="airlines.FlightPersistenceTest" time="0.004">
    <system-out><![CDATA[[FileStorage] C:\Users\mark_\AppData\Local\Temp\junit7952977216848165652\database.txt not found. Creating default database...
[FileStorage] Saved 2 flights to C:\Users\mark_\AppData\Local\Temp\junit7952977216848165652\database.txt
[FileStorage] Loaded 2 flights from C:\Users\mark_\AppData\Local\Temp\junit7952977216848165652\database.txt
[FileStorage] Saved 3 flights to C:\Users\mark_\AppData\Local\Temp\junit7952977216848165652\database.txt
]]></system-out>
  </testcase>
</testsuite>